<?xml version="1.0" encoding="UTF-8"?>
<!-- Generated by org.testng.reporters.JUnitReportReporter -->
<testsuite hostname="WKWIN5154091" failures="0" tests="1" name="com.qa.test.PostComplexJson" time="5.122" errors="0" timestamp="2019-12-08T20:16:00 IST" skipped="0">
  <testcase classname="com.qa.test.PostComplexJson" name="createBooking" time="5.122"/>
</testsuite> <!-- com.qa.test.PostComplexJson -->
