<?xml version="1.0" encoding="UTF-8"?>
<!-- Generated by org.testng.reporters.JUnitReportReporter -->
<testsuite hostname="WKWIN5154091" failures="0" tests="1" name="com.qa.test.GetCall" time="2.606" errors="0" timestamp="2019-12-07T18:59:27 IST" skipped="0">
  <testcase classname="com.qa.test.GetCall" name="getUsers" time="2.606"/>
</testsuite> <!-- com.qa.test.GetCall -->
