<?xml version="1.0" encoding="UTF-8"?>
<!-- Generated by org.testng.reporters.JUnitReportReporter -->
<testsuite hostname="WKWIN5154091" failures="0" tests="2" name="com.qa.test.APITest" time="2.285" errors="0" timestamp="2019-12-07T22:19:03 IST" skipped="1">
  <testcase classname="com.qa.test.APITest" name="post" time="2.285"/>
  <testcase classname="com.qa.test.APITest" name="getUsers">
    <skipped/>
  </testcase> <!-- getUsers -->
</testsuite> <!-- com.qa.test.APITest -->
