<?xml version="1.0" encoding="UTF-8"?>
<!-- Generated by org.testng.reporters.JUnitReportReporter -->
<testsuite hostname="WKWIN5154091" failures="0" tests="1" name="com.qa.test.PutRestAssured" time="2.594" errors="0" timestamp="2019-12-08T13:54:13 IST" skipped="0">
  <testcase classname="com.qa.test.PutRestAssured" name="updateUserBdd" time="2.594"/>
</testsuite> <!-- com.qa.test.PutRestAssured -->
