<?xml version="1.0" encoding="UTF-8"?>
<!-- Generated by org.testng.reporters.JUnitReportReporter -->
<testsuite hostname="WKWIN5154091" failures="0" tests="1" name="com.qa.test.WeatherInfoSchema" time="2.827" errors="0" timestamp="2019-12-08T12:36:23 IST" skipped="0">
  <testcase classname="com.qa.test.WeatherInfoSchema" name="validateWeatherSchema" time="2.827"/>
</testsuite> <!-- com.qa.test.WeatherInfoSchema -->
